<?xml version="1.0" encoding="UTF-8"?>
<robot generator="Robot 6.1.1 (Python 3.11.6 on linux)" generated="20231115 14:20:07.618" rpa="false" schemaversion="4">
<suite id="s1" name="Tests" source="/home/erja/ohtu/ohtu-palautukset/viikko3/web-login/src/tests">
<suite id="s1-s1" name="Login" source="/home/erja/ohtu/ohtu-palautukset/viikko3/web-login/src/tests/login.robot">
<kw name="Open And Configure Browser" library="resource" type="SETUP">
<kw name="Evaluate" library="BuiltIn">
<var>${options}</var>
<arg>sys.modules['selenium.webdriver'].ChromeOptions()</arg>
<arg>sys</arg>
<doc>Evaluates the given expression in Python and returns the result.</doc>
<msg timestamp="20231115 14:20:08.201" level="INFO">${options} = &lt;selenium.webdriver.chrome.options.Options object at 0x7f3f33742890&gt;</msg>
<status status="PASS" starttime="20231115 14:20:08.200" endtime="20231115 14:20:08.201"/>
</kw>
<kw name="Call Method" library="BuiltIn">
<arg>${options}</arg>
<arg>add_argument</arg>
<arg>--no-sandbox</arg>
<doc>Calls the named method of the given object with the provided arguments.</doc>
<status status="PASS" starttime="20231115 14:20:08.201" endtime="20231115 14:20:08.201"/>
</kw>
<kw name="Open Browser" library="SeleniumLibrary">
<arg>browser=chrome</arg>
<arg>options=${options}</arg>
<doc>Opens a new browser instance to the optional ``url``.</doc>
<msg timestamp="20231115 14:20:08.202" level="INFO">Opening browser 'chrome' to base url 'None'.</msg>
<status status="PASS" starttime="20231115 14:20:08.201" endtime="20231115 14:20:11.258"/>
</kw>
<kw name="Set Selenium Speed" library="SeleniumLibrary">
<arg>${DELAY}</arg>
<doc>Sets the delay that is waited after each Selenium command.</doc>
<status status="PASS" starttime="20231115 14:20:11.258" endtime="20231115 14:20:11.259"/>
</kw>
<status status="PASS" starttime="20231115 14:20:08.200" endtime="20231115 14:20:11.259"/>
</kw>
<test id="s1-s1-t1" name="Login With Correct Credentials" line="8">
<kw name="Create User And Go To Login Page" type="SETUP">
<kw name="Create User" library="AppLibrary">
<arg>kalle</arg>
<arg>kalle123</arg>
<status status="PASS" starttime="20231115 14:20:11.262" endtime="20231115 14:20:11.290"/>
</kw>
<kw name="Go To Login Page" library="resource">
<kw name="Go To" library="SeleniumLibrary">
<arg>${LOGIN_URL}</arg>
<doc>Navigates the current browser window to the provided ``url``.</doc>
<msg timestamp="20231115 14:20:11.292" level="INFO">Opening url 'http://localhost:5001/login'</msg>
<status status="PASS" starttime="20231115 14:20:11.291" endtime="20231115 14:20:11.906"/>
</kw>
<status status="PASS" starttime="20231115 14:20:11.291" endtime="20231115 14:20:11.907"/>
</kw>
<kw name="Login Page Should Be Open" library="resource">
<kw name="Title Should Be" library="SeleniumLibrary">
<arg>Login</arg>
<doc>Verifies that the current page title equals ``title``.</doc>
<msg timestamp="20231115 14:20:12.421" level="INFO">Page title is 'Login'.</msg>
<status status="PASS" starttime="20231115 14:20:11.908" endtime="20231115 14:20:12.422"/>
</kw>
<status status="PASS" starttime="20231115 14:20:11.907" endtime="20231115 14:20:12.422"/>
</kw>
<status status="PASS" starttime="20231115 14:20:11.262" endtime="20231115 14:20:12.422"/>
</kw>
<kw name="Set Username">
<arg>kalle</arg>
<kw name="Input Text" library="SeleniumLibrary">
<arg>username</arg>
<arg>${username}</arg>
<doc>Types the given ``text`` into the text field identified by ``locator``.</doc>
<msg timestamp="20231115 14:20:12.427" level="INFO">Typing text 'kalle' into text field 'username'.</msg>
<status status="PASS" starttime="20231115 14:20:12.423" endtime="20231115 14:20:14.213"/>
</kw>
<status status="PASS" starttime="20231115 14:20:12.422" endtime="20231115 14:20:14.214"/>
</kw>
<kw name="Set Password">
<arg>kalle123</arg>
<kw name="Input Password" library="SeleniumLibrary">
<arg>password</arg>
<arg>${password}</arg>
<doc>Types the given password into the text field identified by ``locator``.</doc>
<msg timestamp="20231115 14:20:14.216" level="INFO">Typing password into text field 'password'.</msg>
<msg timestamp="20231115 14:20:15.315" level="INFO">Temporally setting log level to: NONE</msg>
<msg timestamp="20231115 14:20:15.944" level="INFO">Log level changed from NONE to INFO.</msg>
<status status="PASS" starttime="20231115 14:20:14.215" endtime="20231115 14:20:15.944"/>
</kw>
<status status="PASS" starttime="20231115 14:20:14.214" endtime="20231115 14:20:15.944"/>
</kw>
<kw name="Submit Credentials">
<kw name="Click Button" library="SeleniumLibrary">
<arg>Login</arg>
<doc>Clicks the button identified by ``locator``.</doc>
<msg timestamp="20231115 14:20:15.947" level="INFO">Clicking button 'Login'.</msg>
<status status="PASS" starttime="20231115 14:20:15.946" endtime="20231115 14:20:18.147"/>
</kw>
<status status="PASS" starttime="20231115 14:20:15.945" endtime="20231115 14:20:18.148"/>
</kw>
<kw name="Login Should Succeed">
<kw name="Main Page Should Be Open" library="resource">
<kw name="Title Should Be" library="SeleniumLibrary">
<arg>Ohtu Application main page</arg>
<doc>Verifies that the current page title equals ``title``.</doc>
<msg timestamp="20231115 14:20:18.662" level="INFO">Page title is 'Ohtu Application main page'.</msg>
<status status="PASS" starttime="20231115 14:20:18.150" endtime="20231115 14:20:18.662"/>
</kw>
<status status="PASS" starttime="20231115 14:20:18.149" endtime="20231115 14:20:18.662"/>
</kw>
<status status="PASS" starttime="20231115 14:20:18.148" endtime="20231115 14:20:18.662"/>
</kw>
<status status="PASS" starttime="20231115 14:20:11.259" endtime="20231115 14:20:18.663"/>
</test>
<test id="s1-s1-t2" name="Login With Incorrect Password" line="14">
<kw name="Create User And Go To Login Page" type="SETUP">
<kw name="Create User" library="AppLibrary">
<arg>kalle</arg>
<arg>kalle123</arg>
<status status="PASS" starttime="20231115 14:20:18.666" endtime="20231115 14:20:18.696"/>
</kw>
<kw name="Go To Login Page" library="resource">
<kw name="Go To" library="SeleniumLibrary">
<arg>${LOGIN_URL}</arg>
<doc>Navigates the current browser window to the provided ``url``.</doc>
<msg timestamp="20231115 14:20:18.699" level="INFO">Opening url 'http://localhost:5001/login'</msg>
<status status="PASS" starttime="20231115 14:20:18.698" endtime="20231115 14:20:19.259"/>
</kw>
<status status="PASS" starttime="20231115 14:20:18.697" endtime="20231115 14:20:19.259"/>
</kw>
<kw name="Login Page Should Be Open" library="resource">
<kw name="Title Should Be" library="SeleniumLibrary">
<arg>Login</arg>
<doc>Verifies that the current page title equals ``title``.</doc>
<msg timestamp="20231115 14:20:19.772" level="INFO">Page title is 'Login'.</msg>
<status status="PASS" starttime="20231115 14:20:19.260" endtime="20231115 14:20:19.772"/>
</kw>
<status status="PASS" starttime="20231115 14:20:19.260" endtime="20231115 14:20:19.772"/>
</kw>
<status status="PASS" starttime="20231115 14:20:18.666" endtime="20231115 14:20:19.772"/>
</kw>
<kw name="Set Username">
<arg>kalle</arg>
<kw name="Input Text" library="SeleniumLibrary">
<arg>username</arg>
<arg>${username}</arg>
<doc>Types the given ``text`` into the text field identified by ``locator``.</doc>
<msg timestamp="20231115 14:20:19.776" level="INFO">Typing text 'kalle' into text field 'username'.</msg>
<status status="PASS" starttime="20231115 14:20:19.773" endtime="20231115 14:20:21.480"/>
</kw>
<status status="PASS" starttime="20231115 14:20:19.773" endtime="20231115 14:20:21.481"/>
</kw>
<kw name="Set Password">
<arg>kalle456</arg>
<kw name="Input Password" library="SeleniumLibrary">
<arg>password</arg>
<arg>${password}</arg>
<doc>Types the given password into the text field identified by ``locator``.</doc>
<msg timestamp="20231115 14:20:21.483" level="INFO">Typing password into text field 'password'.</msg>
<msg timestamp="20231115 14:20:22.568" level="INFO">Temporally setting log level to: NONE</msg>
<msg timestamp="20231115 14:20:23.181" level="INFO">Log level changed from NONE to INFO.</msg>
<status status="PASS" starttime="20231115 14:20:21.482" endtime="20231115 14:20:23.181"/>
</kw>
<status status="PASS" starttime="20231115 14:20:21.481" endtime="20231115 14:20:23.181"/>
</kw>
<kw name="Submit Credentials">
<kw name="Click Button" library="SeleniumLibrary">
<arg>Login</arg>
<doc>Clicks the button identified by ``locator``.</doc>
<msg timestamp="20231115 14:20:23.184" level="INFO">Clicking button 'Login'.</msg>
<status status="PASS" starttime="20231115 14:20:23.183" endtime="20231115 14:20:25.362"/>
</kw>
<status status="PASS" starttime="20231115 14:20:23.182" endtime="20231115 14:20:25.362"/>
</kw>
<kw name="Login Should Fail With Message">
<arg>Invalid username or password</arg>
<kw name="Login Page Should Be Open" library="resource">
<kw name="Title Should Be" library="SeleniumLibrary">
<arg>Login</arg>
<doc>Verifies that the current page title equals ``title``.</doc>
<msg timestamp="20231115 14:20:25.875" level="INFO">Page title is 'Login'.</msg>
<status status="PASS" starttime="20231115 14:20:25.364" endtime="20231115 14:20:25.875"/>
</kw>
<status status="PASS" starttime="20231115 14:20:25.363" endtime="20231115 14:20:25.876"/>
</kw>
<kw name="Page Should Contain" library="SeleniumLibrary">
<arg>${message}</arg>
<doc>Verifies that current page contains ``text``.</doc>
<msg timestamp="20231115 14:20:26.916" level="INFO">Current page contains text 'Invalid username or password'.</msg>
<status status="PASS" starttime="20231115 14:20:25.876" endtime="20231115 14:20:26.916"/>
</kw>
<status status="PASS" starttime="20231115 14:20:25.362" endtime="20231115 14:20:26.916"/>
</kw>
<status status="PASS" starttime="20231115 14:20:18.664" endtime="20231115 14:20:26.916"/>
</test>
<kw name="Close Browser" library="SeleniumLibrary" type="TEARDOWN">
<doc>Closes the current browser.</doc>
<status status="PASS" starttime="20231115 14:20:26.918" endtime="20231115 14:20:27.533"/>
</kw>
<status status="PASS" starttime="20231115 14:20:07.678" endtime="20231115 14:20:27.533"/>
</suite>
<status status="PASS" starttime="20231115 14:20:07.621" endtime="20231115 14:20:27.536"/>
</suite>
<statistics>
<total>
<stat pass="2" fail="0" skip="0">All Tests</stat>
</total>
<tag>
</tag>
<suite>
<stat pass="2" fail="0" skip="0" id="s1" name="Tests">Tests</stat>
<stat pass="2" fail="0" skip="0" id="s1-s1" name="Login">Tests.Login</stat>
</suite>
</statistics>
<errors>
</errors>
</robot>
