<?xml version="1.0" encoding="UTF-8"?>
<robot generator="Robot 6.1.1 (Python 3.11.6 on linux)" generated="20231115 16:22:33.714" rpa="false" schemaversion="4">
<suite id="s1" name="Register" source="/home/erja/ohtu/ohtu-palautukset/viikko3/web-login/src/tests/register.robot">
<kw name="Open And Configure Browser" library="resource" type="SETUP">
<kw name="Evaluate" library="BuiltIn">
<var>${options}</var>
<arg>sys.modules['selenium.webdriver'].ChromeOptions()</arg>
<arg>sys</arg>
<doc>Evaluates the given expression in Python and returns the result.</doc>
<msg timestamp="20231115 16:22:33.840" level="INFO">${options} = &lt;selenium.webdriver.chrome.options.Options object at 0x7fa0f64ca410&gt;</msg>
<status status="PASS" starttime="20231115 16:22:33.840" endtime="20231115 16:22:33.841"/>
</kw>
<kw name="Call Method" library="BuiltIn">
<arg>${options}</arg>
<arg>add_argument</arg>
<arg>--no-sandbox</arg>
<doc>Calls the named method of the given object with the provided arguments.</doc>
<status status="PASS" starttime="20231115 16:22:33.841" endtime="20231115 16:22:33.841"/>
</kw>
<kw name="Call Method" library="BuiltIn">
<arg>${options}</arg>
<arg>add_argument</arg>
<arg>--headless</arg>
<doc>Calls the named method of the given object with the provided arguments.</doc>
<status status="PASS" starttime="20231115 16:22:33.841" endtime="20231115 16:22:33.841"/>
</kw>
<kw name="Open Browser" library="SeleniumLibrary">
<arg>browser=chrome</arg>
<arg>options=${options}</arg>
<doc>Opens a new browser instance to the optional ``url``.</doc>
<msg timestamp="20231115 16:22:33.841" level="INFO">Opening browser 'chrome' to base url 'None'.</msg>
<status status="PASS" starttime="20231115 16:22:33.841" endtime="20231115 16:22:36.316"/>
</kw>
<kw name="Set Selenium Speed" library="SeleniumLibrary">
<arg>${DELAY}</arg>
<doc>Sets the delay that is waited after each Selenium command.</doc>
<status status="PASS" starttime="20231115 16:22:36.316" endtime="20231115 16:22:36.317"/>
</kw>
<status status="PASS" starttime="20231115 16:22:33.840" endtime="20231115 16:22:36.317"/>
</kw>
<test id="s1-t1" name="Register With Valid Username And Password" line="9">
<kw name="Go To Register Page" library="resource" type="SETUP">
<kw name="Go To" library="SeleniumLibrary">
<arg>${REGISTER_URL}</arg>
<doc>Navigates the current browser window to the provided ``url``.</doc>
<msg timestamp="20231115 16:22:36.321" level="INFO">Opening url 'http://localhost:5001/register'</msg>
<status status="PASS" starttime="20231115 16:22:36.321" endtime="20231115 16:22:36.421"/>
</kw>
<status status="PASS" starttime="20231115 16:22:36.320" endtime="20231115 16:22:36.421"/>
</kw>
<kw name="Set Username">
<arg>maria</arg>
<kw name="Input Text" library="SeleniumLibrary">
<arg>username</arg>
<arg>${username}</arg>
<doc>Types the given ``text`` into the text field identified by ``locator``.</doc>
<msg timestamp="20231115 16:22:36.425" level="INFO">Typing text 'maria' into text field 'username'.</msg>
<status status="PASS" starttime="20231115 16:22:36.423" endtime="20231115 16:22:36.695"/>
</kw>
<status status="PASS" starttime="20231115 16:22:36.422" endtime="20231115 16:22:36.696"/>
</kw>
<kw name="Set Password">
<arg>kalle123</arg>
<kw name="Input Password" library="SeleniumLibrary">
<arg>password</arg>
<arg>${password}</arg>
<doc>Types the given password into the text field identified by ``locator``.</doc>
<msg timestamp="20231115 16:22:36.699" level="INFO">Typing password into text field 'password'.</msg>
<msg timestamp="20231115 16:22:36.799" level="INFO">Temporally setting log level to: NONE</msg>
<msg timestamp="20231115 16:22:36.908" level="INFO">Log level changed from NONE to INFO.</msg>
<status status="PASS" starttime="20231115 16:22:36.697" endtime="20231115 16:22:36.908"/>
</kw>
<status status="PASS" starttime="20231115 16:22:36.696" endtime="20231115 16:22:36.908"/>
</kw>
<kw name="Confirm Password">
<arg>kalle123</arg>
<kw name="Input Password" library="SeleniumLibrary">
<arg>password_confirmation</arg>
<arg>${password_confirmation}</arg>
<doc>Types the given password into the text field identified by ``locator``.</doc>
<msg timestamp="20231115 16:22:36.911" level="INFO">Typing password into text field 'password_confirmation'.</msg>
<msg timestamp="20231115 16:22:37.005" level="INFO">Temporally setting log level to: NONE</msg>
<msg timestamp="20231115 16:22:37.115" level="INFO">Log level changed from NONE to INFO.</msg>
<status status="PASS" starttime="20231115 16:22:36.910" endtime="20231115 16:22:37.115"/>
</kw>
<status status="PASS" starttime="20231115 16:22:36.909" endtime="20231115 16:22:37.115"/>
</kw>
<kw name="Submit Credentials">
<kw name="Click Button" library="SeleniumLibrary">
<arg>Register</arg>
<doc>Clicks the button identified by ``locator``.</doc>
<msg timestamp="20231115 16:22:37.118" level="INFO">Clicking button 'Register'.</msg>
<status status="PASS" starttime="20231115 16:22:37.117" endtime="20231115 16:22:37.302"/>
</kw>
<status status="PASS" starttime="20231115 16:22:37.116" endtime="20231115 16:22:37.302"/>
</kw>
<kw name="Register Should Succeed">
<kw name="Welcome Page Should Be Open" library="resource">
<kw name="Title Should Be" library="SeleniumLibrary">
<arg>Welcome to Ohtu Application!</arg>
<doc>Verifies that the current page title equals ``title``.</doc>
<msg timestamp="20231115 16:22:37.317" level="INFO">Page title is 'Welcome to Ohtu Application!'.</msg>
<status status="PASS" starttime="20231115 16:22:37.304" endtime="20231115 16:22:37.318"/>
</kw>
<status status="PASS" starttime="20231115 16:22:37.303" endtime="20231115 16:22:37.318"/>
</kw>
<status status="PASS" starttime="20231115 16:22:37.303" endtime="20231115 16:22:37.318"/>
</kw>
<status status="PASS" starttime="20231115 16:22:36.318" endtime="20231115 16:22:37.318"/>
</test>
<test id="s1-t2" name="Register With Too Short Username And Valid Password" line="16">
<kw name="Go To Register Page" library="resource" type="SETUP">
<kw name="Go To" library="SeleniumLibrary">
<arg>${REGISTER_URL}</arg>
<doc>Navigates the current browser window to the provided ``url``.</doc>
<msg timestamp="20231115 16:22:37.322" level="INFO">Opening url 'http://localhost:5001/register'</msg>
<status status="PASS" starttime="20231115 16:22:37.321" endtime="20231115 16:22:37.354"/>
</kw>
<status status="PASS" starttime="20231115 16:22:37.320" endtime="20231115 16:22:37.354"/>
</kw>
<kw name="Set Username">
<arg>em</arg>
<kw name="Input Text" library="SeleniumLibrary">
<arg>username</arg>
<arg>${username}</arg>
<doc>Types the given ``text`` into the text field identified by ``locator``.</doc>
<msg timestamp="20231115 16:22:37.357" level="INFO">Typing text 'em' into text field 'username'.</msg>
<status status="PASS" starttime="20231115 16:22:37.356" endtime="20231115 16:22:37.552"/>
</kw>
<status status="PASS" starttime="20231115 16:22:37.355" endtime="20231115 16:22:37.552"/>
</kw>
<kw name="Set Password">
<arg>salasana1</arg>
<kw name="Input Password" library="SeleniumLibrary">
<arg>password</arg>
<arg>${password}</arg>
<doc>Types the given password into the text field identified by ``locator``.</doc>
<msg timestamp="20231115 16:22:37.555" level="INFO">Typing password into text field 'password'.</msg>
<msg timestamp="20231115 16:22:37.647" level="INFO">Temporally setting log level to: NONE</msg>
<msg timestamp="20231115 16:22:37.751" level="INFO">Log level changed from NONE to INFO.</msg>
<status status="PASS" starttime="20231115 16:22:37.554" endtime="20231115 16:22:37.751"/>
</kw>
<status status="PASS" starttime="20231115 16:22:37.553" endtime="20231115 16:22:37.751"/>
</kw>
<kw name="Confirm Password">
<arg>salasana1</arg>
<kw name="Input Password" library="SeleniumLibrary">
<arg>password_confirmation</arg>
<arg>${password_confirmation}</arg>
<doc>Types the given password into the text field identified by ``locator``.</doc>
<msg timestamp="20231115 16:22:37.751" level="INFO">Typing password into text field 'password_confirmation'.</msg>
<msg timestamp="20231115 16:22:37.774" level="INFO">Temporally setting log level to: NONE</msg>
<msg timestamp="20231115 16:22:37.806" level="INFO">Log level changed from NONE to INFO.</msg>
<status status="PASS" starttime="20231115 16:22:37.751" endtime="20231115 16:22:37.806"/>
</kw>
<status status="PASS" starttime="20231115 16:22:37.751" endtime="20231115 16:22:37.806"/>
</kw>
<kw name="Submit Credentials">
<kw name="Click Button" library="SeleniumLibrary">
<arg>Register</arg>
<doc>Clicks the button identified by ``locator``.</doc>
<msg timestamp="20231115 16:22:37.806" level="INFO">Clicking button 'Register'.</msg>
<status status="PASS" starttime="20231115 16:22:37.806" endtime="20231115 16:22:37.850"/>
</kw>
<status status="PASS" starttime="20231115 16:22:37.806" endtime="20231115 16:22:37.850"/>
</kw>
<kw name="Register Should Fail With Message">
<arg>Username has to contain atleast 3 characters</arg>
<kw name="Register Page Should Be Open" library="resource">
<kw name="Title Should Be" library="SeleniumLibrary">
<arg>Register</arg>
<doc>Verifies that the current page title equals ``title``.</doc>
<msg timestamp="20231115 16:22:37.853" level="INFO">Page title is 'Register'.</msg>
<status status="PASS" starttime="20231115 16:22:37.850" endtime="20231115 16:22:37.853"/>
</kw>
<status status="PASS" starttime="20231115 16:22:37.850" endtime="20231115 16:22:37.853"/>
</kw>
<kw name="Page Should Contain" library="SeleniumLibrary">
<arg>${message}</arg>
<doc>Verifies that current page contains ``text``.</doc>
<msg timestamp="20231115 16:22:37.865" level="INFO">Current page contains text 'Username has to contain atleast 3 characters'.</msg>
<status status="PASS" starttime="20231115 16:22:37.853" endtime="20231115 16:22:37.865"/>
</kw>
<status status="PASS" starttime="20231115 16:22:37.850" endtime="20231115 16:22:37.865"/>
</kw>
<status status="PASS" starttime="20231115 16:22:37.319" endtime="20231115 16:22:37.865"/>
</test>
<test id="s1-t3" name="Register With Valid Username And Invalid Password" line="23">
<kw name="Go To Register Page" library="resource" type="SETUP">
<kw name="Go To" library="SeleniumLibrary">
<arg>${REGISTER_URL}</arg>
<doc>Navigates the current browser window to the provided ``url``.</doc>
<msg timestamp="20231115 16:22:37.866" level="INFO">Opening url 'http://localhost:5001/register'</msg>
<status status="PASS" starttime="20231115 16:22:37.866" endtime="20231115 16:22:37.882"/>
</kw>
<status status="PASS" starttime="20231115 16:22:37.866" endtime="20231115 16:22:37.882"/>
</kw>
<kw name="Set Username">
<arg>anni</arg>
<kw name="Input Text" library="SeleniumLibrary">
<arg>username</arg>
<arg>${username}</arg>
<doc>Types the given ``text`` into the text field identified by ``locator``.</doc>
<msg timestamp="20231115 16:22:37.883" level="INFO">Typing text 'anni' into text field 'username'.</msg>
<status status="PASS" starttime="20231115 16:22:37.883" endtime="20231115 16:22:38.008"/>
</kw>
<status status="PASS" starttime="20231115 16:22:37.882" endtime="20231115 16:22:38.008"/>
</kw>
<kw name="Set Password">
<arg>salasana</arg>
<kw name="Input Password" library="SeleniumLibrary">
<arg>password</arg>
<arg>${password}</arg>
<doc>Types the given password into the text field identified by ``locator``.</doc>
<msg timestamp="20231115 16:22:38.011" level="INFO">Typing password into text field 'password'.</msg>
<msg timestamp="20231115 16:22:38.091" level="INFO">Temporally setting log level to: NONE</msg>
<msg timestamp="20231115 16:22:38.196" level="INFO">Log level changed from NONE to INFO.</msg>
<status status="PASS" starttime="20231115 16:22:38.009" endtime="20231115 16:22:38.196"/>
</kw>
<status status="PASS" starttime="20231115 16:22:38.008" endtime="20231115 16:22:38.197"/>
</kw>
<kw name="Confirm Password">
<arg>salasana</arg>
<kw name="Input Password" library="SeleniumLibrary">
<arg>password_confirmation</arg>
<arg>${password_confirmation}</arg>
<doc>Types the given password into the text field identified by ``locator``.</doc>
<msg timestamp="20231115 16:22:38.199" level="INFO">Typing password into text field 'password_confirmation'.</msg>
<msg timestamp="20231115 16:22:38.281" level="INFO">Temporally setting log level to: NONE</msg>
<msg timestamp="20231115 16:22:38.379" level="INFO">Log level changed from NONE to INFO.</msg>
<status status="PASS" starttime="20231115 16:22:38.198" endtime="20231115 16:22:38.379"/>
</kw>
<status status="PASS" starttime="20231115 16:22:38.197" endtime="20231115 16:22:38.379"/>
</kw>
<kw name="Submit Credentials">
<kw name="Click Button" library="SeleniumLibrary">
<arg>Register</arg>
<doc>Clicks the button identified by ``locator``.</doc>
<msg timestamp="20231115 16:22:38.382" level="INFO">Clicking button 'Register'.</msg>
<status status="PASS" starttime="20231115 16:22:38.380" endtime="20231115 16:22:38.525"/>
</kw>
<status status="PASS" starttime="20231115 16:22:38.380" endtime="20231115 16:22:38.526"/>
</kw>
<kw name="Register Should Fail With Message">
<arg>Password cannot contain only letters</arg>
<kw name="Register Page Should Be Open" library="resource">
<kw name="Title Should Be" library="SeleniumLibrary">
<arg>Register</arg>
<doc>Verifies that the current page title equals ``title``.</doc>
<msg timestamp="20231115 16:22:38.538" level="INFO">Page title is 'Register'.</msg>
<status status="PASS" starttime="20231115 16:22:38.527" endtime="20231115 16:22:38.538"/>
</kw>
<status status="PASS" starttime="20231115 16:22:38.527" endtime="20231115 16:22:38.538"/>
</kw>
<kw name="Page Should Contain" library="SeleniumLibrary">
<arg>${message}</arg>
<doc>Verifies that current page contains ``text``.</doc>
<msg timestamp="20231115 16:22:38.578" level="INFO">Current page contains text 'Password cannot contain only letters'.</msg>
<status status="PASS" starttime="20231115 16:22:38.538" endtime="20231115 16:22:38.578"/>
</kw>
<status status="PASS" starttime="20231115 16:22:38.526" endtime="20231115 16:22:38.578"/>
</kw>
<status status="PASS" starttime="20231115 16:22:37.865" endtime="20231115 16:22:38.579"/>
</test>
<test id="s1-t4" name="Register With Nonmatching Password And Password Confirmation" line="30">
<kw name="Go To Register Page" library="resource" type="SETUP">
<kw name="Go To" library="SeleniumLibrary">
<arg>${REGISTER_URL}</arg>
<doc>Navigates the current browser window to the provided ``url``.</doc>
<msg timestamp="20231115 16:22:38.582" level="INFO">Opening url 'http://localhost:5001/register'</msg>
<status status="PASS" starttime="20231115 16:22:38.582" endtime="20231115 16:22:38.614"/>
</kw>
<status status="PASS" starttime="20231115 16:22:38.581" endtime="20231115 16:22:38.614"/>
</kw>
<kw name="Set Username">
<arg>matti</arg>
<kw name="Input Text" library="SeleniumLibrary">
<arg>username</arg>
<arg>${username}</arg>
<doc>Types the given ``text`` into the text field identified by ``locator``.</doc>
<msg timestamp="20231115 16:22:38.617" level="INFO">Typing text 'matti' into text field 'username'.</msg>
<status status="PASS" starttime="20231115 16:22:38.615" endtime="20231115 16:22:38.805"/>
</kw>
<status status="PASS" starttime="20231115 16:22:38.615" endtime="20231115 16:22:38.805"/>
</kw>
<kw name="Set Password">
<arg>salasana1</arg>
<kw name="Input Password" library="SeleniumLibrary">
<arg>password</arg>
<arg>${password}</arg>
<doc>Types the given password into the text field identified by ``locator``.</doc>
<msg timestamp="20231115 16:22:38.808" level="INFO">Typing password into text field 'password'.</msg>
<msg timestamp="20231115 16:22:38.893" level="INFO">Temporally setting log level to: NONE</msg>
<msg timestamp="20231115 16:22:38.998" level="INFO">Log level changed from NONE to INFO.</msg>
<status status="PASS" starttime="20231115 16:22:38.806" endtime="20231115 16:22:38.998"/>
</kw>
<status status="PASS" starttime="20231115 16:22:38.806" endtime="20231115 16:22:38.998"/>
</kw>
<kw name="Confirm Password">
<arg>salasana2</arg>
<kw name="Input Password" library="SeleniumLibrary">
<arg>password_confirmation</arg>
<arg>${password_confirmation}</arg>
<doc>Types the given password into the text field identified by ``locator``.</doc>
<msg timestamp="20231115 16:22:39.001" level="INFO">Typing password into text field 'password_confirmation'.</msg>
<msg timestamp="20231115 16:22:39.084" level="INFO">Temporally setting log level to: NONE</msg>
<msg timestamp="20231115 16:22:39.188" level="INFO">Log level changed from NONE to INFO.</msg>
<status status="PASS" starttime="20231115 16:22:38.999" endtime="20231115 16:22:39.188"/>
</kw>
<status status="PASS" starttime="20231115 16:22:38.999" endtime="20231115 16:22:39.188"/>
</kw>
<kw name="Submit Credentials">
<kw name="Click Button" library="SeleniumLibrary">
<arg>Register</arg>
<doc>Clicks the button identified by ``locator``.</doc>
<msg timestamp="20231115 16:22:39.191" level="INFO">Clicking button 'Register'.</msg>
<status status="PASS" starttime="20231115 16:22:39.189" endtime="20231115 16:22:39.336"/>
</kw>
<status status="PASS" starttime="20231115 16:22:39.189" endtime="20231115 16:22:39.337"/>
</kw>
<kw name="Register Should Fail With Message">
<arg>Passwords do not match</arg>
<kw name="Register Page Should Be Open" library="resource">
<kw name="Title Should Be" library="SeleniumLibrary">
<arg>Register</arg>
<doc>Verifies that the current page title equals ``title``.</doc>
<msg timestamp="20231115 16:22:39.351" level="INFO">Page title is 'Register'.</msg>
<status status="PASS" starttime="20231115 16:22:39.338" endtime="20231115 16:22:39.351"/>
</kw>
<status status="PASS" starttime="20231115 16:22:39.338" endtime="20231115 16:22:39.351"/>
</kw>
<kw name="Page Should Contain" library="SeleniumLibrary">
<arg>${message}</arg>
<doc>Verifies that current page contains ``text``.</doc>
<msg timestamp="20231115 16:22:39.391" level="INFO">Current page contains text 'Passwords do not match'.</msg>
<status status="PASS" starttime="20231115 16:22:39.352" endtime="20231115 16:22:39.391"/>
</kw>
<status status="PASS" starttime="20231115 16:22:39.337" endtime="20231115 16:22:39.391"/>
</kw>
<status status="PASS" starttime="20231115 16:22:38.580" endtime="20231115 16:22:39.392"/>
</test>
<test id="s1-t5" name="Login After Successful Registration" line="37">
<kw name="Go To Register Page" library="resource" type="SETUP">
<kw name="Go To" library="SeleniumLibrary">
<arg>${REGISTER_URL}</arg>
<doc>Navigates the current browser window to the provided ``url``.</doc>
<msg timestamp="20231115 16:22:39.396" level="INFO">Opening url 'http://localhost:5001/register'</msg>
<status status="PASS" starttime="20231115 16:22:39.395" endtime="20231115 16:22:39.428"/>
</kw>
<status status="PASS" starttime="20231115 16:22:39.394" endtime="20231115 16:22:39.428"/>
</kw>
<kw name="Set Username">
<arg>emmi</arg>
<kw name="Input Text" library="SeleniumLibrary">
<arg>username</arg>
<arg>${username}</arg>
<doc>Types the given ``text`` into the text field identified by ``locator``.</doc>
<msg timestamp="20231115 16:22:39.431" level="INFO">Typing text 'emmi' into text field 'username'.</msg>
<status status="PASS" starttime="20231115 16:22:39.429" endtime="20231115 16:22:39.610"/>
</kw>
<status status="PASS" starttime="20231115 16:22:39.429" endtime="20231115 16:22:39.610"/>
</kw>
<kw name="Set Password">
<arg>emmi1234</arg>
<kw name="Input Password" library="SeleniumLibrary">
<arg>password</arg>
<arg>${password}</arg>
<doc>Types the given password into the text field identified by ``locator``.</doc>
<msg timestamp="20231115 16:22:39.612" level="INFO">Typing password into text field 'password'.</msg>
<msg timestamp="20231115 16:22:39.690" level="INFO">Temporally setting log level to: NONE</msg>
<msg timestamp="20231115 16:22:39.790" level="INFO">Log level changed from NONE to INFO.</msg>
<status status="PASS" starttime="20231115 16:22:39.611" endtime="20231115 16:22:39.791"/>
</kw>
<status status="PASS" starttime="20231115 16:22:39.610" endtime="20231115 16:22:39.791"/>
</kw>
<kw name="Confirm Password">
<arg>emmi1234</arg>
<kw name="Input Password" library="SeleniumLibrary">
<arg>password_confirmation</arg>
<arg>${password_confirmation}</arg>
<doc>Types the given password into the text field identified by ``locator``.</doc>
<msg timestamp="20231115 16:22:39.795" level="INFO">Typing password into text field 'password_confirmation'.</msg>
<msg timestamp="20231115 16:22:39.879" level="INFO">Temporally setting log level to: NONE</msg>
<msg timestamp="20231115 16:22:39.982" level="INFO">Log level changed from NONE to INFO.</msg>
<status status="PASS" starttime="20231115 16:22:39.793" endtime="20231115 16:22:39.983"/>
</kw>
<status status="PASS" starttime="20231115 16:22:39.791" endtime="20231115 16:22:39.983"/>
</kw>
<kw name="Submit Credentials">
<kw name="Click Button" library="SeleniumLibrary">
<arg>Register</arg>
<doc>Clicks the button identified by ``locator``.</doc>
<msg timestamp="20231115 16:22:39.985" level="INFO">Clicking button 'Register'.</msg>
<status status="PASS" starttime="20231115 16:22:39.984" endtime="20231115 16:22:40.122"/>
</kw>
<status status="PASS" starttime="20231115 16:22:39.983" endtime="20231115 16:22:40.122"/>
</kw>
<kw name="Register Should Succeed">
<kw name="Welcome Page Should Be Open" library="resource">
<kw name="Title Should Be" library="SeleniumLibrary">
<arg>Welcome to Ohtu Application!</arg>
<doc>Verifies that the current page title equals ``title``.</doc>
<msg timestamp="20231115 16:22:40.134" level="INFO">Page title is 'Welcome to Ohtu Application!'.</msg>
<status status="PASS" starttime="20231115 16:22:40.124" endtime="20231115 16:22:40.134"/>
</kw>
<status status="PASS" starttime="20231115 16:22:40.123" endtime="20231115 16:22:40.135"/>
</kw>
<status status="PASS" starttime="20231115 16:22:40.122" endtime="20231115 16:22:40.135"/>
</kw>
<kw name="Click Link" library="SeleniumLibrary">
<arg>Continue to main page</arg>
<doc>Clicks a link identified by ``locator``.</doc>
<msg timestamp="20231115 16:22:40.136" level="INFO">Clicking link 'Continue to main page'.</msg>
<status status="PASS" starttime="20231115 16:22:40.135" endtime="20231115 16:22:40.283"/>
</kw>
<kw name="Click Button" library="SeleniumLibrary">
<arg>Logout</arg>
<doc>Clicks the button identified by ``locator``.</doc>
<msg timestamp="20231115 16:22:40.285" level="INFO">Clicking button 'Logout'.</msg>
<status status="PASS" starttime="20231115 16:22:40.284" endtime="20231115 16:22:40.461"/>
</kw>
<kw name="Set Username">
<arg>emmi</arg>
<kw name="Input Text" library="SeleniumLibrary">
<arg>username</arg>
<arg>${username}</arg>
<doc>Types the given ``text`` into the text field identified by ``locator``.</doc>
<msg timestamp="20231115 16:22:40.464" level="INFO">Typing text 'emmi' into text field 'username'.</msg>
<status status="PASS" starttime="20231115 16:22:40.463" endtime="20231115 16:22:40.643"/>
</kw>
<status status="PASS" starttime="20231115 16:22:40.462" endtime="20231115 16:22:40.643"/>
</kw>
<kw name="Set Password">
<arg>emmi1234</arg>
<kw name="Input Password" library="SeleniumLibrary">
<arg>password</arg>
<arg>${password}</arg>
<doc>Types the given password into the text field identified by ``locator``.</doc>
<msg timestamp="20231115 16:22:40.646" level="INFO">Typing password into text field 'password'.</msg>
<msg timestamp="20231115 16:22:40.726" level="INFO">Temporally setting log level to: NONE</msg>
<msg timestamp="20231115 16:22:40.820" level="INFO">Log level changed from NONE to INFO.</msg>
<status status="PASS" starttime="20231115 16:22:40.644" endtime="20231115 16:22:40.820"/>
</kw>
<status status="PASS" starttime="20231115 16:22:40.644" endtime="20231115 16:22:40.821"/>
</kw>
<kw name="Submit Login Credentials">
<kw name="Click Button" library="SeleniumLibrary">
<arg>Login</arg>
<doc>Clicks the button identified by ``locator``.</doc>
<msg timestamp="20231115 16:22:40.821" level="INFO">Clicking button 'Login'.</msg>
<status status="PASS" starttime="20231115 16:22:40.821" endtime="20231115 16:22:40.869"/>
</kw>
<status status="PASS" starttime="20231115 16:22:40.821" endtime="20231115 16:22:40.870"/>
</kw>
<kw name="Login Should Succeed" library="login_resource">
<kw name="Main Page Should Be Open" library="resource">
<kw name="Title Should Be" library="SeleniumLibrary">
<arg>Ohtu Application main page</arg>
<doc>Verifies that the current page title equals ``title``.</doc>
<msg timestamp="20231115 16:22:40.872" level="INFO">Page title is 'Ohtu Application main page'.</msg>
<status status="PASS" starttime="20231115 16:22:40.870" endtime="20231115 16:22:40.872"/>
</kw>
<status status="PASS" starttime="20231115 16:22:40.870" endtime="20231115 16:22:40.873"/>
</kw>
<status status="PASS" starttime="20231115 16:22:40.870" endtime="20231115 16:22:40.873"/>
</kw>
<status status="PASS" starttime="20231115 16:22:39.393" endtime="20231115 16:22:40.873"/>
</test>
<test id="s1-t6" name="Login After Failed Registration" line="50">
<kw name="Go To Register Page" library="resource" type="SETUP">
<kw name="Go To" library="SeleniumLibrary">
<arg>${REGISTER_URL}</arg>
<doc>Navigates the current browser window to the provided ``url``.</doc>
<msg timestamp="20231115 16:22:40.874" level="INFO">Opening url 'http://localhost:5001/register'</msg>
<status status="PASS" starttime="20231115 16:22:40.874" endtime="20231115 16:22:40.884"/>
</kw>
<status status="PASS" starttime="20231115 16:22:40.873" endtime="20231115 16:22:40.884"/>
</kw>
<kw name="Set Username">
<arg>em</arg>
<kw name="Input Text" library="SeleniumLibrary">
<arg>username</arg>
<arg>${username}</arg>
<doc>Types the given ``text`` into the text field identified by ``locator``.</doc>
<msg timestamp="20231115 16:22:40.886" level="INFO">Typing text 'em' into text field 'username'.</msg>
<status status="PASS" starttime="20231115 16:22:40.885" endtime="20231115 16:22:40.945"/>
</kw>
<status status="PASS" starttime="20231115 16:22:40.885" endtime="20231115 16:22:40.945"/>
</kw>
<kw name="Set Password">
<arg>salasana1</arg>
<kw name="Input Password" library="SeleniumLibrary">
<arg>password</arg>
<arg>${password}</arg>
<doc>Types the given password into the text field identified by ``locator``.</doc>
<msg timestamp="20231115 16:22:40.945" level="INFO">Typing password into text field 'password'.</msg>
<msg timestamp="20231115 16:22:40.970" level="INFO">Temporally setting log level to: NONE</msg>
<msg timestamp="20231115 16:22:40.996" level="INFO">Log level changed from NONE to INFO.</msg>
<status status="PASS" starttime="20231115 16:22:40.945" endtime="20231115 16:22:40.996"/>
</kw>
<status status="PASS" starttime="20231115 16:22:40.945" endtime="20231115 16:22:40.996"/>
</kw>
<kw name="Confirm Password">
<arg>salasana1</arg>
<kw name="Input Password" library="SeleniumLibrary">
<arg>password_confirmation</arg>
<arg>${password_confirmation}</arg>
<doc>Types the given password into the text field identified by ``locator``.</doc>
<msg timestamp="20231115 16:22:40.997" level="INFO">Typing password into text field 'password_confirmation'.</msg>
<msg timestamp="20231115 16:22:41.020" level="INFO">Temporally setting log level to: NONE</msg>
<msg timestamp="20231115 16:22:41.047" level="INFO">Log level changed from NONE to INFO.</msg>
<status status="PASS" starttime="20231115 16:22:40.996" endtime="20231115 16:22:41.047"/>
</kw>
<status status="PASS" starttime="20231115 16:22:40.996" endtime="20231115 16:22:41.047"/>
</kw>
<kw name="Submit Credentials">
<kw name="Click Button" library="SeleniumLibrary">
<arg>Register</arg>
<doc>Clicks the button identified by ``locator``.</doc>
<msg timestamp="20231115 16:22:41.048" level="INFO">Clicking button 'Register'.</msg>
<status status="PASS" starttime="20231115 16:22:41.047" endtime="20231115 16:22:41.089"/>
</kw>
<status status="PASS" starttime="20231115 16:22:41.047" endtime="20231115 16:22:41.089"/>
</kw>
<kw name="Click Link" library="SeleniumLibrary">
<arg>Login</arg>
<doc>Clicks a link identified by ``locator``.</doc>
<msg timestamp="20231115 16:22:41.089" level="INFO">Clicking link 'Login'.</msg>
<status status="PASS" starttime="20231115 16:22:41.089" endtime="20231115 16:22:41.134"/>
</kw>
<kw name="Set Username">
<arg>em</arg>
<kw name="Input Text" library="SeleniumLibrary">
<arg>username</arg>
<arg>${username}</arg>
<doc>Types the given ``text`` into the text field identified by ``locator``.</doc>
<msg timestamp="20231115 16:22:41.134" level="INFO">Typing text 'em' into text field 'username'.</msg>
<status status="PASS" starttime="20231115 16:22:41.134" endtime="20231115 16:22:41.182"/>
</kw>
<status status="PASS" starttime="20231115 16:22:41.134" endtime="20231115 16:22:41.182"/>
</kw>
<kw name="Set Password">
<arg>salasana1</arg>
<kw name="Input Password" library="SeleniumLibrary">
<arg>password</arg>
<arg>${password}</arg>
<doc>Types the given password into the text field identified by ``locator``.</doc>
<msg timestamp="20231115 16:22:41.183" level="INFO">Typing password into text field 'password'.</msg>
<msg timestamp="20231115 16:22:41.207" level="INFO">Temporally setting log level to: NONE</msg>
<msg timestamp="20231115 16:22:41.234" level="INFO">Log level changed from NONE to INFO.</msg>
<status status="PASS" starttime="20231115 16:22:41.183" endtime="20231115 16:22:41.234"/>
</kw>
<status status="PASS" starttime="20231115 16:22:41.182" endtime="20231115 16:22:41.234"/>
</kw>
<kw name="Submit Login Credentials">
<kw name="Click Button" library="SeleniumLibrary">
<arg>Login</arg>
<doc>Clicks the button identified by ``locator``.</doc>
<msg timestamp="20231115 16:22:41.234" level="INFO">Clicking button 'Login'.</msg>
<status status="PASS" starttime="20231115 16:22:41.234" endtime="20231115 16:22:41.273"/>
</kw>
<status status="PASS" starttime="20231115 16:22:41.234" endtime="20231115 16:22:41.273"/>
</kw>
<kw name="Login Should Fail With Message" library="login_resource">
<arg>Invalid username or password</arg>
<kw name="Login Page Should Be Open" library="resource">
<kw name="Title Should Be" library="SeleniumLibrary">
<arg>Login</arg>
<doc>Verifies that the current page title equals ``title``.</doc>
<msg timestamp="20231115 16:22:41.277" level="INFO">Page title is 'Login'.</msg>
<status status="PASS" starttime="20231115 16:22:41.274" endtime="20231115 16:22:41.277"/>
</kw>
<status status="PASS" starttime="20231115 16:22:41.273" endtime="20231115 16:22:41.277"/>
</kw>
<kw name="Page Should Contain" library="SeleniumLibrary">
<arg>${message}</arg>
<doc>Verifies that current page contains ``text``.</doc>
<msg timestamp="20231115 16:22:41.291" level="INFO">Current page contains text 'Invalid username or password'.</msg>
<status status="PASS" starttime="20231115 16:22:41.277" endtime="20231115 16:22:41.291"/>
</kw>
<status status="PASS" starttime="20231115 16:22:41.273" endtime="20231115 16:22:41.291"/>
</kw>
<status status="PASS" starttime="20231115 16:22:40.873" endtime="20231115 16:22:41.291"/>
</test>
<kw name="Close Browser" library="SeleniumLibrary" type="TEARDOWN">
<doc>Closes the current browser.</doc>
<status status="PASS" starttime="20231115 16:22:41.292" endtime="20231115 16:22:41.352"/>
</kw>
<status status="PASS" starttime="20231115 16:22:33.714" endtime="20231115 16:22:41.352"/>
</suite>
<statistics>
<total>
<stat pass="6" fail="0" skip="0">All Tests</stat>
</total>
<tag>
</tag>
<suite>
<stat pass="6" fail="0" skip="0" id="s1" name="Register">Register</stat>
</suite>
</statistics>
<errors>
</errors>
</robot>
